C51 COMPILER V9.52.0.0   MAIN                                                              12/10/2015 19:45:08 PAGE 1   


C51 COMPILER V9.52.0.0, COMPILATION OF MODULE MAIN
OBJECT MODULE PLACED IN main.OBJ
COMPILER INVOKED BY: D:\Program Files\IDE\KeilC51\C51\BIN\C51.EXE main.c BROWSE DEBUG OBJECTEXTEND TABS(2)

line level    source

   1          #include "includes.h"
   2          
   3          extern code unsigned char Segment[];
   4          extern code unsigned char Select[];
   5          
   6          unsigned char gDp = 1,gCounter = 0;
   7          
   8          void delay1s(void)
   9          {
  10   1        unsigned char h,i,j,k;
  11   1        for(h=5;h>0;h--)
  12   1        for(i=4;i>0;i--)
  13   1        for(j=116;j>0;j--)
  14   1        for(k=214;k>0;k--);
  15   1      }
  16          
  17          void InitTimer0() //???0 ???
  18          {TMOD= 0x01; //?????0 ?????1
  19   1        TH0= 0x3C; // ???
  20   1        TL0 = 0x0B0;
  21   1        EA= 1; // ????
  22   1        ET0 = 1; //???? 0 ??
  23   1        TR0 = 1; // ?????0 
  24   1      }
  25          
  26          void Timer0Interrupt(void) interrupt 1 // ???0 ?????
  27          {
  28   1        gCounter++;
  29   1        if(gCounter == 10){
  30   2        TH0= 0x3C; // ????, ?????????
  31   2        TL0 = 0x0B0;
  32   2        if(gDp == 1)
  33   2          gDp = 0;
  34   2            else 
  35   2          gDp = 1;
  36   2        gCounter = 0;
  37   2        }
  38   1      }
  39          void main(void)
  40          {
  41   1        unsigned short i;
  42   1        DigInit();
  43   1        //初始化时钟日历，若之前已设置，屏蔽此函数即可
  44   1        SetTimeCalendar();        //设置DS1302中的时间和日期为初始值
  45   1        InitTimer0();
  46   1        //while(1)  test();
  47   1        while(1)
  48   1        {
  49   2          ReadTime();             //读取时间
  50   2          DisplayTime();      //显示时间
  51   2        }
  52   1      }
*** WARNING C280 IN LINE 41 OF main.c: 'i': unreferenced local variable


C51 COMPILER V9.52.0.0   MAIN                                                              12/10/2015 19:45:08 PAGE 2   

MODULE INFORMATION:   STATIC OVERLAYABLE
   CODE SIZE        =     88    ----
   CONSTANT SIZE    =   ----    ----
   XDATA SIZE       =   ----    ----
   PDATA SIZE       =   ----    ----
   DATA SIZE        =      2       2
   IDATA SIZE       =   ----    ----
   BIT SIZE         =   ----    ----
END OF MODULE INFORMATION.


C51 COMPILATION COMPLETE.  1 WARNING(S),  0 ERROR(S)
